/home/caj20001/miniconda3/envs/LoT/lib/python3.9/site-packages/wandb/sdk/launch/builder/build.py:11: DeprecationWarning: pkg_resources is deprecated as an API. See https://setuptools.pypa.io/en/latest/pkg_resources.html
  import pkg_resources
/home/caj20001/miniconda3/envs/LoT/lib/python3.9/site-packages/stable_baselines3/common/logger.py:11: DeprecationWarning: 
Pyarrow will become a required dependency of pandas in the next major release of pandas (pandas 3.0),
(to allow more performant data types, such as the Arrow string type, and better interoperability with other libraries)
but was not found to be installed on your system.
If this would cause problems for you,
please provide us feedback at https://github.com/pandas-dev/pandas/issues/54466
        
  import pandas
{
    "exp_name": "LoT_RL_BreakoutNoFrameskip-v4_total_steps20000000_aplha0.1_student_steps_ratio_lr0.00025_obs_num10_seed0",
    "seed": 0,
    "torch_deterministic": true,
    "track": false,
    "wandb_project_name": "LoT-RL",
    "wandb_entity": null,
    "capture_video": false,
    "student_steps_ratio": 5,
    "T": 1.0,
    "detach": 1,
    "alpha": 0.1,
    "gpu": 0,
    "obs_num": 10,
    "student_weight_decay": 0.0001,
    "teacher_scheduler": "cosine",
    "decreasing_step": [
        0.2,
        0.4,
        0.8
    ],
    "save": "ckpt/LoT_RL_BreakoutNoFrameskip-v4/LoT_RL_BreakoutNoFrameskip-v4_total_steps20000000_aplha0.1_student_steps_ratio_lr0.00025_obs_num10_seed0.pt",
    "threshold": 0,
    "env_id": "BreakoutNoFrameskip-v4",
    "total_timesteps": 20000000,
    "learning_rate": 0.00025,
    "learning_rate_min": 2.5e-06,
    "num_envs": 8,
    "num_agent": 2,
    "test_ensemble": false,
    "smooth_return": true,
    "num_steps": 128,
    "anneal_lr": true,
    "gamma": 0.99,
    "gae_lambda": 0.95,
    "num_minibatches": 4,
    "update_epochs": 4,
    "norm_adv": true,
    "clip_coef": 0.1,
    "clip_vloss": true,
    "ent_coef": 0.01,
    "vf_coef": 0.5,
    "max_grad_norm": 0.5,
    "target_kl": null,
    "batch_size": 1024,
    "minibatch_size": 256
}
wandb: Currently logged in as: jincan333. Use `wandb login --relogin` to force relogin
wandb: Appending key for api.wandb.ai to your netrc file: /home/caj20001/.netrc
wandb: wandb version 0.16.2 is available!  To upgrade, please run:
wandb:  $ pip install wandb --upgrade
wandb: Tracking run with wandb version 0.16.0
wandb: Run data is saved locally in /home/caj20001/LoT/wandb/run-20240201_145857-tc6ddzes
wandb: Run `wandb offline` to turn off syncing.
wandb: Syncing run LoT_RL_BreakoutNoFrameskip-v4_total_steps20000000_aplha0.1_student_steps_ratio_lr0.00025_obs_num10_seed0
wandb: ⭐️ View project at https://wandb.ai/jincan333/LoT-RL
wandb: 🚀 View run at https://wandb.ai/jincan333/LoT-RL/runs/tc6ddzes
total updates: 19531
A.L.E: Arcade Learning Environment (version 0.8.1+53f58b7)
[Powered by Stella]
Traceback (most recent call last):
  File "/home/caj20001/LoT/atari_games.py", line 266, in <module>
    teacher_next_obs = torch.Tensor(teacher_envs.reset()).to(device)
  File "/home/caj20001/miniconda3/envs/LoT/lib/python3.9/site-packages/gym/vector/vector_env.py", line 80, in reset
    return self.reset_wait(seed=seed, return_info=return_info, options=options)
  File "/home/caj20001/miniconda3/envs/LoT/lib/python3.9/site-packages/gym/vector/sync_vector_env.py", line 115, in reset_wait
    observation = env.reset(**kwargs)
  File "/home/caj20001/miniconda3/envs/LoT/lib/python3.9/site-packages/gym/wrappers/frame_stack.py", line 125, in reset
    obs = self.env.reset(**kwargs)
  File "/home/caj20001/miniconda3/envs/LoT/lib/python3.9/site-packages/gym/core.py", line 311, in reset
    return self.observation(self.env.reset(**kwargs))
  File "/home/caj20001/miniconda3/envs/LoT/lib/python3.9/site-packages/gym/core.py", line 311, in reset
    return self.observation(self.env.reset(**kwargs))
  File "/home/caj20001/miniconda3/envs/LoT/lib/python3.9/site-packages/gym/core.py", line 324, in reset
    return self.env.reset(**kwargs)
  File "/home/caj20001/miniconda3/envs/LoT/lib/python3.9/site-packages/stable_baselines3/common/atari_wrappers.py", line 59, in reset
    self.env.reset(**kwargs)
  File "/home/caj20001/miniconda3/envs/LoT/lib/python3.9/site-packages/stable_baselines3/common/atari_wrappers.py", line 106, in reset
    obs = self.env.reset(**kwargs)
  File "/home/caj20001/miniconda3/envs/LoT/lib/python3.9/site-packages/stable_baselines3/common/atari_wrappers.py", line 154, in reset
    return self.env.reset(**kwargs)
  File "/home/caj20001/miniconda3/envs/LoT/lib/python3.9/site-packages/stable_baselines3/common/atari_wrappers.py", line 36, in reset
    noops = self.unwrapped.np_random.randint(1, self.noop_max + 1)
AttributeError: 'numpy.random._generator.Generator' object has no attribute 'randint'
wandb: - 0.015 MB of 0.015 MB uploadedwandb: \ 0.015 MB of 0.019 MB uploadedwandb: | 0.015 MB of 0.021 MB uploadedwandb: 🚀 View run LoT_RL_BreakoutNoFrameskip-v4_total_steps20000000_aplha0.1_student_steps_ratio_lr0.00025_obs_num10_seed0 at: https://wandb.ai/jincan333/LoT-RL/runs/tc6ddzes
wandb: Synced 6 W&B file(s), 0 media file(s), 0 artifact file(s) and 0 other file(s)
wandb: Find logs at: ./wandb/run-20240201_145857-tc6ddzes/logs
